           1            1          30
       0.2V0调整规则:                                         min(0.20V0,1.50Vfmax)
       0.2V0调整时楼层剪力最小倍数:                           0.20
       0.2V0调整时各层框架剪力最大值的倍数:                   1.50
       0.2V0 调整上限:                                        2.00
       考虑双向地震时内力调整方式:                            先考虑双向地震再调整
       与柱相连的框架梁端M、V不调整:                          是
       剪力墙端柱的面外剪力统计到框架部分:                    否
       实配钢筋超配系数:                                      1.15
       框支柱调整上限:                                        5.00
       零应力区验算时底面尺寸确定方式:                        质心到最近边距离的2倍
       按层刚度比判断薄弱层方法:                              高规和抗标从严
       有地下室时嵌固层刚度比执行《高规》3.5.2-2:             否
       剪切刚度计算时hi取层高:                                否
       自动对层间受剪承载力突变形成的薄弱层放大调整:          是
       自动根据层间受剪承载力比值调整配筋:                    否
       是否转换层指定为薄弱层:                                是
       薄弱层地震内力放大系数:                                1.25
       强制指定的薄弱层层号:                                  0
       梁端弯矩调幅系数:                                      0.85
       框架梁调幅后不小于简支梁跨中弯矩的倍数:                0.50
       非框架梁调幅后不小于简支梁跨中弯矩的倍数:              0.33
       梁扭矩折减系数:                                        0.40
       转换结构构件（三、四级）水平地震作用效应放大系数:      1.00
       支撑按柱设计临界角:                                    20
       按竖向构件内力统计层地震剪力:                          否
       位移角小于此值时，位移比设置为1:                       0.00020
       剪力墙承担全部地震剪力:                                否

     活荷载信息 ..........................................
       按建模菜单“房间属性”计算活荷载折减系数:              否
       柱、墙活荷载是否折减:                                  是
       计算截面以上层数           折减系数:
                 1                 1.00
                2-3                0.85
                4-5                0.70
                6-8                0.65
                9-20               0.60
                20层以上           0.55
       楼面梁活荷载折减:                                      从属面积超过 25m2 时，楼面活荷载折减0.9
       全楼考虑活荷载不利布置:                                否
       考虑活荷载不利布置最高层号:                            0
       计算模型(多层):                                        否
       梁活荷载内力放大系数:                                  1.00

     构件设计信息 ........................................
       柱配筋计算原则:                                        单偏压
       按简化方法计算柱剪跨比（Hn/2h0）:                      否
       柱剪跨比采用层高:                                      是
       连梁按对称配筋设计:                                    否
       抗震设计的框架梁端配筋考虑受压钢筋:                    是
       矩形混凝土梁按T形梁配筋:                               是
       墙柱配筋设计考虑端柱:                                  是
       墙柱配筋设计考虑翼缘墙:                                是
       按双偏压配筋时腹板墙最大截面高宽比:                    12.00
       按双偏压配筋时双偏压腹板墙最大截面高度(mm):            2400.0
       与剪力墙面外相连的梁按框架梁设计:                      是
       铰接时按非框架梁设计:                                  否
       验算一级抗震墙施工缝:                                  是
       受弯构件按压弯设计控制轴压比:                          0.40
       梁端配筋内力取值位置(0-节点，1-支座边):                0.00
       框架柱的轴压比限值按框架结构采用:                      否
       不计算地震作用时按重力荷载代表值计算柱轴压比:          否
       梁保护层厚度 (mm):                                     20
       柱保护层厚度 (mm):                                     20
       人民防空地下室设计依据:                                《人民防空地下室设计规范》2023
       型钢混凝土构件设计依据:                                《组合结构设计规范》JGJ138-2016
       矩形钢管混凝土构件设计依据:                            《矩形钢管混凝土结构技术规程》CECS159：2004
       异形柱配筋计算只考虑固定钢筋:                          否
       按叠合柱设计的叠合比:                                  0.00
       剪力墙构造边缘构件的设计执行高规7.2.16-4:              否
       约束边缘构件层全部设为约束边缘构件:                    否
       约束边缘构件判定采用底部加强区底层轴压比:              是
       构造/约束边缘构件判定时墙肢轴压比原则:                 加权平均轴压比
       归入阴影区的λ/2区最大长度:                            0
       面外梁下生成暗柱边缘构件:                              全不生成
       边缘构件合并距离 (mm):                                 300
       短肢边缘构件合并距离 (mm):                             600
       边缘构件尺寸取整模数 (mm):                             10
       构造边缘构件尺寸设计依据:                              《高规》JGJ3-2010 第7.2.16条
       约束边缘构件尺寸依据《广东高规》设计:                  否
       按边缘构件轮廓计算配筋:                                否
       执行《高钢规》JGJ99-2015:                              是
       长细比、宽厚比执行《抗标》GB50011-2010(2024):          否
       钢构件截面净毛面积比:                                  0.85
       钢梁按压弯设计控制轴压比:                              0.10
       X向钢柱计算长度是否按有侧移计算:                       是
       Y向钢柱计算长度是否按有侧移计算:                       是
       钢柱计算长度系数考虑嵌固端:                            否
       按《钢标》自动判断强弱支撑:                            否
       门刚规范用GB51022-2015:                                是
       执行门规GB51022附录A:                                  是
       执行门规GB51022附录A.0.8:                              否
       门刚构件按宽厚比等级控制局部稳定:                      否
       执行《钢结构设计标准》(GB50017-2017):                  是
       按宽厚比等级控制局部稳定:                              否
       按钢标6.2.7验算梁下翼缘稳定:                           是
       钢梁受弯考虑剪力过大影响(钢标6.4.1):                   否
       施工阶段验算组合类别:                                  基本组合
       组合梁施工荷载(kN/m2):                                 1.5
       抗剪连接件单侧边距(mm):                                20.00
       冷弯薄壁构件考虑冷弯效应:                              是
       方、矩形管成型方式系数:                                1.0

     防火验算 ........................................
       进行承载力法防火验算:                                  否

     包络设计 ........................................
       是否分塔与整体分别计算，并取大:                        否
       是否地下室与不考虑地下室分别计算，并取大:              否
       是否考虑楼梯刚度与不考虑楼梯刚度分别计算，并取大:      否
       自动取框架和框架-抗震墙模型计算大值:                   否
       是否考虑多个嵌固端模型分别计算，配筋结果取最大值:      否
       是否与其它模型进行包络取大:                            否

     材料信息 ........................................
       混凝土容重 (kN/m3):                                    26.00
       砌体容重 (kN/m3):                                      22.00
       钢材容重 (kN/m3):                                      78.00
       轻骨料混凝土容重 (kN/m3):                              18.50
       轻骨料混凝土密度等级:                                  1800
       索体容重(kN/m3):                                       76.00
       铝合金容重 (kN/m3):                                    27.00
       梁箍筋间距 (mm):                                       100
       柱箍筋间距 (mm):                                       100
       墙水平分布筋最大间距 (mm):                             200
       墙竖向分布筋最小配筋率 (%):                            0.30
       墙水平分布筋最小配筋率 (%):                            0.20
       结构底部单独指定墙竖向分布筋配筋率的层号:              0
       结构底部单独指定层的墙竖向分布配筋率:                  0.60

     钢筋强度 ........................................
       HRB400钢筋强度设计值（N/mm2）:                         360

     地下室信息 ..........................................
       土的水平抗力系数的比例系数(MN/m4):                     10.00
       扣除地面以下几层回填土约束:                            0
       外墙分布筋保护层厚度:                                  35(mm)
       回填土容重 (kN/m3):                                    18.00
       回填土侧压力系数:                                      0.50
       室外地平标高 (m):                                      -0.35
       地下水位标高 (m):                                      -2.00
       室外地面附加荷载 (kN/m2):                              10.00
       基础水工况组合方式:                                    叠加
       地下室侧土约束施加方式:                                顶板双向弹簧
       按反应位移法计算地下结构的地震作用:                    否
       执行《地下结构抗震设计标准》GBT 51336-2018:            否

     荷载组合 ......................................
       采用自定义组合:                                        否
       使用建模自定义组合模板:                                否
       考虑自定义工况间的不利组合:                            是
       默认风工况与自定义工况合并:                            否
       结构重要性系数:                                        1.00
       执行《建筑结构可靠性设计统一标准》:                    是
       刚重比按1.3恒+1.5活计算:                               否
       恒载分项系数:                                          1.30
       活载分项系数:                                          1.50
       活荷载组合值系数:                                      0.70
       活荷载频遇值系数:                                      0.60
       活荷载准永久值系数:                                    0.50
       考虑结构设计使用年限的活荷载调整系数:                  1.00
       风荷载分项系数:                                        1.50
       风荷载组合值系数:                                      0.60
       风荷载频遇值系数:                                      0.40
       风荷载是否参与地震组合:                                是
       重力荷载分项系数:                                      1.30
       水平地震力分项系数:                                    1.40

     抗震鉴定与加固 ........................................
       是否鉴定加固:                                          否

     安全性鉴定 ......................................
       是否进行安全性鉴定:                                    否

     危险房屋鉴定 ....................................
       是否进行危险房屋鉴定:                                  否

     钢结构加固 ....................................
       是否进行钢结构加固:                                    否

     装配式 ..........................................
       是否是装配式结构:                                      否

     **********************************************************
                                 楼层属性
     **********************************************************

  层号    塔号       属性
   30      1         标准层3
   29      1         标准层3
   28      1         标准层3
   27      1         标准层3
   26      1         标准层3
   25      1         标准层3
   24      1         标准层3
   23      1         标准层3
   22      1         标准层3
   21      1         标准层3
   20      1         标准层2
   19      1         标准层2
   18      1         标准层2
   17      1         标准层2
   16      1         标准层2
   15      1         标准层2
   14      1         标准层2
   13      1         标准层2
   12      1         标准层2
   11      1         标准层2
   10      1         标准层1
    9      1         标准层1
    8      1         标准层1
    7      1         标准层1
    6      1         标准层1
    5      1         标准层1
    4      1         标准层1 约束边缘构件层
    3      1         标准层1 底部加强区 约束边缘构件层
    2      1         标准层1 底部加强区 约束边缘构件层
    1      1         标准层1 底部加强区 约束边缘构件层

     **********************************************************
                           塔属性
     **********************************************************

  塔号 1
       结构体系:                                              框筒结构
       结构X向基本周期（秒）:                                 3.12
       结构Y向基本周期（秒）:                                 3.77
       水平风荷载体型分段数:                                  1
       分段号  最高层号    挡风系数    迎风面系数    背风面系数    侧风面系数
         1        30        1.00         0.80          -0.60          0.00
       0.2V0 调整分段数:                                      1
       分段号     起始层号    终止层号
           1            1          30
       0.2V0调整时楼层剪力最小倍数:                           0.20
       0.2V0调整时各层框架剪力最大值的倍数:                   1.50

     **********************************************************
                 各层质量、质心坐标，层质量比
     **********************************************************

  层号    塔号    质心X       质心Y       质心Z       恒载质量    活载质量    活载质量   附加质量     质量比
                   (m)         (m)         (m)          (t)         (t)     (不折减)(t)    (t)
   30      1      18.000     13.500     150.000      1089.1       194.4       388.8         0.0        1.00
   29      1      18.000     13.500     145.000      1089.1       194.4       388.8         0.0        1.00
   28      1      18.000     13.500     140.000      1089.1       194.4       388.8         0.0        1.00
   27      1      18.000     13.500     135.000      1089.1       194.4       388.8         0.0        1.00
   26      1      18.000     13.500     130.000      1089.1       194.4       388.8         0.0        1.00
   25      1      18.000     13.500     125.000      1089.1       194.4       388.8         0.0        1.00
   24      1      18.000     13.500     120.000      1089.1       194.4       388.8         0.0        1.00
   23      1      18.000     13.500     115.000      1089.1       194.4       388.8         0.0        1.00
   22      1      18.000     13.500     110.000      1089.1       194.4       388.8         0.0        1.00
   21      1      18.000     13.500     105.000      1089.1       194.4       388.8         0.0        0.94
   20      1      18.000     13.500     100.000      1169.7       194.4       388.8         0.0        1.00
   19      1      18.000     13.500      95.000      1169.7       194.4       388.8         0.0        1.00
   18      1      18.000     13.500      90.000      1169.7       194.4       388.8         0.0        1.00
   17      1      18.000     13.500      85.000      1169.7       194.4       388.8         0.0        1.00
   16      1      18.000     13.500      80.000      1169.7       194.4       388.8         0.0        1.00
   15      1      18.000     13.500      75.000      1169.7       194.4       388.8         0.0        1.00
   14      1      18.000     13.500      70.000      1169.7       194.4       388.8         0.0        1.00
   13      1      18.000     13.500      65.000      1169.7       194.4       388.8         0.0        1.00
   12      1      18.000     13.500      60.000      1169.7       194.4       388.8         0.0        1.00
   11      1      18.000     13.500      55.000      1169.7       194.4       388.8         0.0        0.94
   10      1      18.000     13.500      50.000      1253.9       194.4       388.8         0.0        1.00
    9      1      18.000     13.500      45.000      1253.9       194.4       388.8         0.0        1.00
    8      1      18.000     13.500      40.000      1253.9       194.4       388.8         0.0        1.00
    7      1      18.000     13.500      35.000      1253.9       194.4       388.8         0.0        1.00
    6      1      18.000     13.500      30.000      1253.9       194.4       388.8         0.0        1.00
    5      1      18.000     13.500      25.000      1253.9       194.4       388.8         0.0        1.00
    4      1      18.000     13.500      20.000      1253.9       194.4       388.8         0.0        1.00
    3      1      18.000     13.500      15.000      1253.9       194.4       388.8         0.0        1.00
    2      1      18.000     13.500      10.000      1253.9       194.4       388.8         0.0        1.00
    1      1      18.000     13.500       5.000      1253.9       194.4       388.8         0.0        1.00

  合计             --          --          --       35126.5      5832.0     11664.0         0.0

  活载总质量 (t):          5831.998
  恒载总质量 (t):         35126.504
  附加总质量 (t):             0.000
  结构总质量 (t):         40958.500
  恒载产生的总质量包括结构自重和外加恒载
  活载质量 = 活荷载重力荷载代表值系数*活载等效质量
  总质量 = 恒载质量+活载质量+附加质量

     **********************************************************
                       各层构件数量、构件材料和层高
     **********************************************************

  层号    塔号    梁数    柱数    支撑数    墙数      层高(m)    累计高度(m)

   30      1        74      14         0      10       5.000      150.000
   29      1        74      14         0      10       5.000      145.000
   28      1        74      14         0      10       5.000      140.000
   27      1        74      14         0      10       5.000      135.000
   26      1        74      14         0      10       5.000      130.000
   25      1        74      14         0      10       5.000      125.000
   24      1        74      14         0      10       5.000      120.000
   23      1        74      14         0      10       5.000      115.000
   22      1        74      14         0      10       5.000      110.000
   21      1        74      14         0      10       5.000      105.000
   20      1        74      14         0      10       5.000      100.000
   19      1        74      14         0      10       5.000       95.000
   18      1        74      14         0      10       5.000       90.000
   17      1        74      14         0      10       5.000       85.000
   16      1        74      14         0      10       5.000       80.000
   15      1        74      14         0      10       5.000       75.000
   14      1        74      14         0      10       5.000       70.000
   13      1        74      14         0      10       5.000       65.000
   12      1        74      14         0      10       5.000       60.000
   11      1        74      14         0      10       5.000       55.000
   10      1        74      14         0      10       5.000       50.000
    9      1        74      14         0      10       5.000       45.000
    8      1        74      14         0      10       5.000       40.000
    7      1        74      14         0      10       5.000       35.000
    6      1        74      14         0      10       5.000       30.000
    5      1        74      14         0      10       5.000       25.000
    4      1        74      14         0      10       5.000       20.000
    3      1        74      14         0      10       5.000       15.000
    2      1        74      14         0      10       5.000       10.000
    1      1        74      14         0      10       5.000        5.000

   ----------------------------------------------------------
  保护层：

  层号    塔号       梁保护层(mm)       柱保护层(mm)       墙保护层(mm)

   30      1          20                 20                 15
   29      1          20                 20                 15
   28      1          20                 20                 15
   27      1          20                 20                 15
   26      1          20                 20                 15
   25      1          20                 20                 15
   24      1          20                 20                 15
   23      1          20                 20                 15
   22      1          20                 20                 15
   21      1          20                 20                 15
   20      1          20                 20                 15
   19      1          20                 20                 15
   18      1          20                 20                 15
   17      1          20                 20                 15
   16      1          20                 20                 15
   15      1          20                 20                 15
   14      1          20                 20                 15
   13      1          20                 20                 15
   12      1          20                 20                 15
   11      1          20                 20                 15
   10      1          20                 20                 15
    9      1          20                 20                 15
    8      1          20                 20                 15
    7      1          20                 20                 15
    6      1          20                 20                 15
    5      1          20                 20                 15
    4      1          20                 20                 15
    3      1          20                 20                 15
    2      1          20                 20                 15
    1      1          20                 20                 15

   ----------------------------------------------------------
  混凝土构件：

  层号    塔号       梁数             柱数           支撑数             墙数
                (混凝土/主筋)    (混凝土/主筋)    (混凝土/主筋)    (混凝土/主筋)

   30      1      70(C30/360)      14(C40/360)         ---           10(C40/360)
   30      1       4(C40/360)         ---              ---              ---     
   29      1      70(C30/360)      14(C40/360)         ---           10(C40/360)
   29      1       4(C40/360)         ---              ---              ---     
   28      1      70(C30/360)      14(C40/360)         ---           10(C40/360)
   28      1       4(C40/360)         ---              ---              ---     
   27      1      70(C30/360)      14(C40/360)         ---           10(C40/360)
   27      1       4(C40/360)         ---              ---              ---     
   26      1      70(C30/360)      14(C40/360)         ---           10(C40/360)
   26      1       4(C40/360)         ---              ---              ---     
   25      1      70(C30/360)      14(C40/360)         ---           10(C40/360)
   25      1       4(C40/360)         ---              ---              ---     
   24      1      70(C30/360)      14(C40/360)         ---           10(C40/360)
   24      1       4(C40/360)         ---              ---              ---     
   23      1      70(C30/360)      14(C40/360)         ---           10(C40/360)
   23      1       4(C40/360)         ---              ---              ---     
   22      1      70(C30/360)      14(C40/360)         ---           10(C40/360)
   22      1       4(C40/360)         ---              ---              ---     
   21      1      70(C30/360)      14(C40/360)         ---           10(C40/360)
   21      1       4(C40/360)         ---              ---              ---     
   20      1      70(C30/360)      14(C50/360)         ---           10(C50/360)
   20      1       4(C50/360)         ---              ---              ---     
   19      1      70(C30/360)      14(C50/360)         ---           10(C50/360)
   19      1       4(C50/360)         ---              ---              ---     
   18      1      70(C30/360)      14(C50/360)         ---           10(C50/360)
   18      1       4(C50/360)         ---              ---              ---     
   17      1      70(C30/360)      14(C50/360)         ---           10(C50/360)
   17      1       4(C50/360)         ---              ---              ---     
   16      1      70(C30/360)      14(C50/360)         ---           10(C50/360)
   16      1       4(C50/360)         ---              ---              ---     
   15      1      70(C30/360)      14(C50/360)         ---           10(C50/360)
   15      1       4(C50/360)         ---              ---              ---     
   14      1      70(C30/360)      14(C50/360)         ---           10(C50/360)
   14      1       4(C50/360)         ---              ---              ---     
   13      1      70(C30/360)      14(C50/360)         ---           10(C50/360)
   13      1       4(C50/360)         ---              ---              ---     
   12      1      70(C30/360)      14(C50/360)         ---           10(C50/360)
   12      1       4(C50/360)         ---              ---              ---     
   11      1      70(C30/360)      14(C50/360)         ---           10(C50/360)
   11      1       4(C50/360)         ---              ---              ---     
   10      1      70(C30/360)      14(C60/360)         ---           10(C60/360)
   10      1       4(C60/360)         ---              ---              ---     
    9      1      70(C30/360)      14(C60/360)         ---           10(C60/360)
    9      1       4(C60/360)         ---              ---              ---     
    8      1      70(C30/360)      14(C60/360)         ---           10(C60/360)
    8      1       4(C60/360)         ---              ---              ---     
    7      1      70(C30/360)      14(C60/360)         ---           10(C60/360)
    7      1       4(C60/360)         ---              ---              ---     
    6      1      70(C30/360)      14(C60/360)         ---           10(C60/360)
    6      1       4(C60/360)         ---              ---              ---     
    5      1      70(C30/360)      14(C60/360)         ---           10(C60/360)
    5      1       4(C60/360)         ---              ---              ---     
    4      1      70(C30/360)      14(C60/360)         ---           10(C60/360)
    4      1       4(C60/360)         ---              ---              ---     
    3      1      70(C30/360)      14(C60/360)         ---           10(C60/360)
    3      1       4(C60/360)         ---              ---              ---     
    2      1      70(C30/360)      14(C60/360)         ---           10(C60/360)
    2      1       4(C60/360)         ---              ---              ---     
    1      1      70(C30/360)      14(C60/360)         ---           10(C60/360)
    1      1       4(C60/360)         ---              ---              ---     



   ----------------------------------------------------------
  箍筋（墙分布筋）：

  层号    塔号     梁数       柱数      支撑数        墙数       边缘构件
                  (箍筋)     (箍筋)     (箍筋)     (水平/竖向)    (箍筋)

   30      1     74(360)    14(360)       ---      10(360/360)      (360)
   29      1     74(360)    14(360)       ---      10(360/360)      (360)
   28      1     74(360)    14(360)       ---      10(360/360)      (360)
   27      1     74(360)    14(360)       ---      10(360/360)      (360)
   26      1     74(360)    14(360)       ---      10(360/360)      (360)
   25      1     74(360)    14(360)       ---      10(360/360)      (360)
   24      1     74(360)    14(360)       ---      10(360/360)      (360)
   23      1     74(360)    14(360)       ---      10(360/360)      (360)
   22      1     74(360)    14(360)       ---      10(360/360)      (360)
   21      1     74(360)    14(360)       ---      10(360/360)      (360)
   20      1     74(360)    14(360)       ---      10(360/360)      (360)
   19      1     74(360)    14(360)       ---      10(360/360)      (360)
   18      1     74(360)    14(360)       ---      10(360/360)      (360)
   17      1     74(360)    14(360)       ---      10(360/360)      (360)
   16      1     74(360)    14(360)       ---      10(360/360)      (360)
   15      1     74(360)    14(360)       ---      10(360/360)      (360)
   14      1     74(360)    14(360)       ---      10(360/360)      (360)
   13      1     74(360)    14(360)       ---      10(360/360)      (360)
   12      1     74(360)    14(360)       ---      10(360/360)      (360)
   11      1     74(360)    14(360)       ---      10(360/360)      (360)
   10      1     74(360)    14(360)       ---      10(360/360)      (360)
    9      1     74(360)    14(360)       ---      10(360/360)      (360)
    8      1     74(360)    14(360)       ---      10(360/360)      (360)
    7      1     74(360)    14(360)       ---      10(360/360)      (360)
    6      1     74(360)    14(360)       ---      10(360/360)      (360)
    5      1     74(360)    14(360)       ---      10(360/360)      (360)
    4      1     74(360)    14(360)       ---      10(360/360)      (360)
    3      1     74(360)    14(360)       ---      10(360/360)      (360)
    2      1     74(360)    14(360)       ---      10(360/360)      (360)
    1      1     74(360)    14(360)       ---      10(360/360)      (360)

     **********************************************************
                        墙、柱面积信息(m**2)
     **********************************************************

  层号    塔号    楼层面积    柱面积(比例)    墙面积(比例)    X向墙面积(比例)    Y向墙面积(比例)
    30       1     972.000     8.96(0.92%)    15.20(1.56%)        9.60(0.99%)        5.60(0.58%)
    29       1     972.000     8.96(0.92%)    15.20(1.56%)        9.60(0.99%)        5.60(0.58%)
    28       1     972.000     8.96(0.92%)    15.20(1.56%)        9.60(0.99%)        5.60(0.58%)
    27       1     972.000     8.96(0.92%)    15.20(1.56%)        9.60(0.99%)        5.60(0.58%)
    26       1     972.000     8.96(0.92%)    15.20(1.56%)        9.60(0.99%)        5.60(0.58%)
    25       1     972.000     8.96(0.92%)    15.20(1.56%)        9.60(0.99%)        5.60(0.58%)
    24       1     972.000     8.96(0.92%)    15.20(1.56%)        9.60(0.99%)        5.60(0.58%)
    23       1     972.000     8.96(0.92%)    15.20(1.56%)        9.60(0.99%)        5.60(0.58%)
    22       1     972.000     8.96(0.92%)    15.20(1.56%)        9.60(0.99%)        5.60(0.58%)
    21       1     972.000     8.96(0.92%)    15.20(1.56%)        9.60(0.99%)        5.60(0.58%)
    20       1     972.000    11.34(1.17%)    19.00(1.95%)       12.00(1.23%)        7.00(0.72%)
    19       1     972.000    11.34(1.17%)    19.00(1.95%)       12.00(1.23%)        7.00(0.72%)
    18       1     972.000    11.34(1.17%)    19.00(1.95%)       12.00(1.23%)        7.00(0.72%)
    17       1     972.000    11.34(1.17%)    19.00(1.95%)       12.00(1.23%)        7.00(0.72%)
    16       1     972.000    11.34(1.17%)    19.00(1.95%)       12.00(1.23%)        7.00(0.72%)
    15       1     972.000    11.34(1.17%)    19.00(1.95%)       12.00(1.23%)        7.00(0.72%)
    14       1     972.000    11.34(1.17%)    19.00(1.95%)       12.00(1.23%)        7.00(0.72%)
    13       1     972.000    11.34(1.17%)    19.00(1.95%)       12.00(1.23%)        7.00(0.72%)
    12       1     972.000    11.34(1.17%)    19.00(1.95%)       12.00(1.23%)        7.00(0.72%)
    11       1     972.000    11.34(1.17%)    19.00(1.95%)       12.00(1.23%)        7.00(0.72%)
    10       1     972.000    14.00(1.44%)    22.80(2.35%)       14.40(1.48%)        8.40(0.86%)
     9       1     972.000    14.00(1.44%)    22.80(2.35%)       14.40(1.48%)        8.40(0.86%)
     8       1     972.000    14.00(1.44%)    22.80(2.35%)       14.40(1.48%)        8.40(0.86%)
     7       1     972.000    14.00(1.44%)    22.80(2.35%)       14.40(1.48%)        8.40(0.86%)
     6       1     972.000    14.00(1.44%)    22.80(2.35%)       14.40(1.48%)        8.40(0.86%)
     5       1     972.000    14.00(1.44%)    22.80(2.35%)       14.40(1.48%)        8.40(0.86%)
     4       1     972.000    14.00(1.44%)    22.80(2.35%)       14.40(1.48%)        8.40(0.86%)
     3       1     972.000    14.00(1.44%)    22.80(2.35%)       14.40(1.48%)        8.40(0.86%)
     2       1     972.000    14.00(1.44%)    22.80(2.35%)       14.40(1.48%)        8.40(0.86%)
     1       1     972.000    14.00(1.44%)    22.80(2.35%)       14.40(1.48%)        8.40(0.86%)
     **********************************************************
                                风荷载信息
     **********************************************************

  层号   塔号  风向    顺风外力    顺风剪力    顺风倾覆弯矩    风振系数
   30     1     X       428.1       428.1         2140.6         1.69
                Y       573.8       573.8         2868.9         1.70
   29     1     X       418.0       846.2         6371.4         1.67
                Y       560.3      1134.0         8539.0         1.68
   28     1     X       408.1      1254.2        12642.5         1.66
                Y       546.8      1680.9        16943.3         1.67
   27     1     X       398.2      1652.4        20904.5         1.64
                Y       533.5      2214.4        28015.3         1.65
   26     1     X       388.3      2040.7        31108.0         1.63
                Y       520.3      2734.7        41688.8         1.64
   25     1     X       378.5      2419.2        43203.9         1.62
                Y       507.1      3241.8        57897.7         1.62
   24     1     X       368.7      2787.9        57143.2         1.60
                Y       493.9      3735.7        76576.3         1.61
   23     1     X       358.9      3146.8        72877.1         1.59
                Y       480.8      4216.5        97658.8         1.60
   22     1     X       349.1      3495.9        90356.4         1.58
                Y       467.6      4684.1       121079.5         1.58
   21     1     X       339.3      3835.1       109532.0         1.56
                Y       454.4      5138.6       146772.3         1.57
   20     1     X       329.4      4164.5       130354.6         1.55
                Y       441.2      5579.7       174670.9         1.56
   19     1     X       319.4      4484.0       152774.3         1.54
                Y       427.8      6007.6       204708.7         1.55
   18     1     X       309.4      4793.4       176741.2         1.53
                Y       414.4      6421.9       236818.3         1.53
   17     1     X       299.3      5092.7       202204.6         1.51
                Y       400.8      6822.7       270931.9         1.52
   16     1     X       289.0      5381.7       229113.1         1.50
                Y       387.0      7209.7       306980.6         1.51
   15     1     X       278.6      5660.3       257414.7         1.49
                Y       373.0      7582.8       344894.4         1.50
   14     1     X       268.0      5928.3       287056.3         1.48
                Y       358.8      7941.6       384602.4         1.48
   13     1     X       257.2      6185.5       317984.0         1.46
                Y       344.3      8285.9       426031.9         1.47
   12     1     X       246.1      6431.6       350142.1         1.45
                Y       329.4      8615.3       469108.5         1.46
   11     1     X       234.7      6666.3       383473.8         1.44
                Y       314.2      8929.5       513756.0         1.44
   10     1     X       222.9      6889.3       417920.1         1.42
                Y       298.4      9227.9       559895.3         1.43
    9     1     X       210.7      7100.0       453420.1         1.41
                Y       282.0      9509.9       607444.8         1.42
    8     1     X       198.0      7298.0       489910.1         1.40
                Y       264.9      9774.8       656318.9         1.40
    7     1     X       184.6      7482.6       527323.1         1.38
                Y       247.0     10021.8       706428.0         1.38
    6     1     X       170.4      7653.0       565588.0         1.36
                Y       227.9     10249.8       757676.9         1.37
    5     1     X       155.1      7808.1       604628.4         1.34
                Y       207.5     10457.3       809963.2         1.35
    4     1     X       138.4      7946.5       644361.0         1.32
                Y       185.1     10642.4       863175.2         1.33
    3     1     X       119.7      8066.2       684691.9         1.30
                Y       160.0     10802.4       917187.3         1.30
    2     1     X       112.8      8179.0       725586.8         1.22
                Y       150.7     10953.2       971953.1         1.23
    1     1     X       110.6      8289.5       767034.5         1.20
                Y       147.4     11100.6      1027456.1         1.20

     **********************************************************
                   各楼层等效尺寸(单位:m,m**2)
     **********************************************************

  层号   塔号   面积      形心X     形心Y   等效宽B   等效高H  最大宽BMAX  最小宽BMIN
  30      1    972.00     18.00     13.50     36.00    27.00      36.00       27.00
  29      1    972.00     18.00     13.50     36.00    27.00      36.00       27.00
  28      1    972.00     18.00     13.50     36.00    27.00      36.00       27.00
  27      1    972.00     18.00     13.50     36.00    27.00      36.00       27.00
  26      1    972.00     18.00     13.50     36.00    27.00      36.00       27.00
  25      1    972.00     18.00     13.50     36.00    27.00      36.00       27.00
  24      1    972.00     18.00     13.50     36.00    27.00      36.00       27.00
  23      1    972.00     18.00     13.50     36.00    27.00      36.00       27.00
  22      1    972.00     18.00     13.50     36.00    27.00      36.00       27.00
  21      1    972.00     18.00     13.50     36.00    27.00      36.00       27.00
  20      1    972.00     18.00     13.50     36.00    27.00      36.00       27.00
  19      1    972.00     18.00     13.50     36.00    27.00      36.00       27.00
  18      1    972.00     18.00     13.50     36.00    27.00      36.00       27.00
  17      1    972.00     18.00     13.50     36.00    27.00      36.00       27.00
  16      1    972.00     18.00     13.50     36.00    27.00      36.00       27.00
  15      1    972.00     18.00     13.50     36.00    27.00      36.00       27.00
  14      1    972.00     18.00     13.50     36.00    27.00      36.00       27.00
  13      1    972.00     18.00     13.50     36.00    27.00      36.00       27.00
  12      1    972.00     18.00     13.50     36.00    27.00      36.00       27.00
  11      1    972.00     18.00     13.50     36.00    27.00      36.00       27.00
  10      1    972.00     18.00     13.50     36.00    27.00      36.00       27.00
   9      1    972.00     18.00     13.50     36.00    27.00      36.00       27.00
   8      1    972.00     18.00     13.50     36.00    27.00      36.00       27.00
   7      1    972.00     18.00     13.50     36.00    27.00      36.00       27.00
   6      1    972.00     18.00     13.50     36.00    27.00      36.00       27.00
   5      1    972.00     18.00     13.50     36.00    27.00      36.00       27.00
   4      1    972.00     18.00     13.50     36.00    27.00      36.00       27.00
   3      1    972.00     18.00     13.50     36.00    27.00      36.00       27.00
   2      1    972.00     18.00     13.50     36.00    27.00      36.00       27.00
   1      1    972.00     18.00     13.50     36.00    27.00      36.00       27.00

     **********************************************************
          各楼层质量、单位面积质量分布(单位:kg/m**2)
     **********************************************************

  层号   塔号    楼层质量   单位面积质量 g[i]    单位面积质量比 max(g[i]/g[i-1],g[i]/g[i+1])
  30      1      1.28E+06      1320.47                1.00
  29      1      1.28E+06      1320.47                1.00
  28      1      1.28E+06      1320.47                1.00
  27      1      1.28E+06      1320.47                1.00
  26      1      1.28E+06      1320.47                1.00
  25      1      1.28E+06      1320.47                1.00
  24      1      1.28E+06      1320.47                1.00
  23      1      1.28E+06      1320.47                1.00
  22      1      1.28E+06      1320.47                1.00
  21      1      1.28E+06      1320.47                1.00
  20      1      1.36E+06      1403.36                1.06
  19      1      1.36E+06      1403.36                1.00
  18      1      1.36E+06      1403.36                1.00
  17      1      1.36E+06      1403.36                1.00
  16      1      1.36E+06      1403.36                1.00
  15      1      1.36E+06      1403.36                1.00
  14      1      1.36E+06      1403.36                1.00
  13      1      1.36E+06      1403.36                1.00
  12      1      1.36E+06      1403.36                1.00
  11      1      1.36E+06      1403.36                1.00
  10      1      1.45E+06      1490.00                1.06
   9      1      1.45E+06      1490.00                1.00
   8      1      1.45E+06      1490.00                1.00
   7      1      1.45E+06      1490.00                1.00
   6      1      1.45E+06      1490.00                1.00
   5      1      1.45E+06      1490.00                1.00
   4      1      1.45E+06      1490.00                1.00
   3      1      1.45E+06      1490.00                1.00
   2      1      1.45E+06      1490.00                1.00
   1      1      1.45E+06      1490.00                1.00

     **********************************************************
                       计算时间
     **********************************************************
   计算用时：00:00:47
   设计用时：00:00:16

     **********************************************************
             各层刚心、偏心率、相邻层侧移刚度比等计算信息
  Floor No     : 层号
  Tower No     : 塔号
  Xstif，Ystif : 刚心的 X，Y 坐标值
  Alf          : 层刚性主轴的方向
  Xmass，Ymass : 质心的 X，Y 坐标值
  Gmass & G    : 总质量(1.0D+1.0L) & 重力荷载代表值
  Eex，Eey     : X，Y 方向的偏心率
  Ratx，Raty   : X，Y 方向本层塔侧移刚度与下一层相应塔侧移刚度的比值(剪切刚度)
  Ratx1，Raty1 : X，Y 方向本层塔侧移刚度与上一层相应塔侧移刚度70%的比值或上三层平均侧移刚度80%的比值中之较小者
  Ratx2，Raty2 : X，Y 方向本层塔侧移刚度与上一层相应塔侧移刚度90%、110%或者150%比值。110%指当本层层高大于相邻上层层高1.5倍时，150%指嵌固层
  RJX1，RJY1，RJZ1: 结构总体坐标系中塔的侧移刚度和扭转刚度(剪切刚度)
  RJX3，RJY3，RJZ3: 结构总体坐标系中塔的侧移刚度和扭转刚度(地震剪力与地震层间位移的比)
     **********************************************************
  Floor No. 1     Tower No. 1
  Xstif=    18.0000(m)     Ystif=    13.5000(m)     Alf  =    45.0000(Degree)
  Xmass=    18.0000(m)     Ymass=    13.5000(m)     Gmass & G= 1642.6791 & 1448.2791(t)
  Eex  =     0.0000        Eey  =     0.0000
  Ratx =     1.0000        Raty =     1.0000
  薄弱层地震剪力放大系数= 1.00
  Ratx1=     2.9667        Raty1=     2.8753
  Ratx2=     1.3844        Raty2=     1.3418
  RJX1 = 4.5495E+07(kN/m)  RJY1 = 2.8218E+07(kN/m)  RJZ1 = 0.0000E+00(kN/m)
  RJX3 = 1.0859E+07(kN/m)  RJY3 = 9.1895E+06(kN/m)  RJZ3 = 2.3697E+09(kN*m/Rad)
     ----------------------------------------------------------
  Floor No. 2     Tower No. 1
  Xstif=    18.0000(m)     Ystif=    13.5000(m)     Alf  =    45.0000(Degree)
  Xmass=    18.0000(m)     Ymass=    13.5000(m)     Gmass & G= 1642.6791 & 1448.2791(t)
  Eex  =     0.0000        Eey  =     0.0000
  Ratx =     1.0000        Raty =     1.0000
  薄弱层地震剪力放大系数= 1.00
  Ratx1=     1.9007        Raty1=     1.9288
  Ratx2=     1.4783        Raty2=     1.5002
  RJX1 = 4.5495E+07(kN/m)  RJY1 = 2.8218E+07(kN/m)  RJZ1 = 0.0000E+00(kN/m)
  RJX3 = 5.2290E+06(kN/m)  RJY3 = 4.5657E+06(kN/m)  RJZ3 = 2.3697E+09(kN*m/Rad)
     ----------------------------------------------------------
  Floor No. 3     Tower No. 1
  Xstif=    18.0000(m)     Ystif=    13.5000(m)     Alf  =    45.0000(Degree)
  Xmass=    18.0000(m)     Ymass=    13.5000(m)     Gmass & G= 1642.6791 & 1448.2791(t)
  Eex  =     0.0000        Eey  =     0.0000
  Ratx =     1.0000        Raty =     1.0000
  薄弱层地震剪力放大系数= 1.00
  Ratx1=     1.6269        Raty1=     1.7448
  Ratx2=     1.3101        Raty2=     1.3571
  RJX1 = 4.5495E+07(kN/m)  RJY1 = 2.8218E+07(kN/m)  RJZ1 = 0.0000E+00(kN/m)
  RJX3 = 3.9302E+06(kN/m)  RJY3 = 3.3816E+06(kN/m)  RJZ3 = 2.3697E+09(kN*m/Rad)
     ----------------------------------------------------------
  Floor No. 4     Tower No. 1
  Xstif=    18.0000(m)     Ystif=    13.5000(m)     Alf  =    45.0000(Degree)
  Xmass=    18.0000(m)     Ymass=    13.5000(m)     Gmass & G= 1642.6791 & 1448.2791(t)
  Eex  =     0.0000        Eey  =     0.0000
  Ratx =     1.0000        Raty =     1.0000
  薄弱层地震剪力放大系数= 1.00
  Ratx1=     1.5100        Raty1=     1.6322
  Ratx2=     1.2410        Raty2=     1.2957
  RJX1 = 4.5495E+07(kN/m)  RJY1 = 2.8218E+07(kN/m)  RJZ1 = 0.0000E+00(kN/m)
  RJX3 = 3.3333E+06(kN/m)  RJY3 = 2.7687E+06(kN/m)  RJZ3 = 2.3697E+09(kN*m/Rad)
     ----------------------------------------------------------
  Floor No. 5     Tower No. 1
  Xstif=    18.0000(m)     Ystif=    13.5000(m)     Alf  =    45.0000(Degree)
  Xmass=    18.0000(m)     Ymass=    13.5000(m)     Gmass & G= 1642.6791 & 1448.2791(t)
  Eex  =     0.0000        Eey  =     0.0000
  Ratx =     1.0000        Raty =     1.0000
  薄弱层地震剪力放大系数= 1.00
  Ratx1=     1.4553        Raty1=     1.5575
  Ratx2=     1.2094        Raty2=     1.2584
  RJX1 = 4.5495E+07(kN/m)  RJY1 = 2.8218E+07(kN/m)  RJZ1 = 0.0000E+00(kN/m)
  RJX3 = 2.9843E+06(kN/m)  RJY3 = 2.3743E+06(kN/m)  RJZ3 = 2.3697E+09(kN*m/Rad)
     ----------------------------------------------------------
  Floor No. 6     Tower No. 1
  Xstif=    18.0000(m)     Ystif=    13.5000(m)     Alf  =    45.0000(Degree)
  Xmass=    18.0000(m)     Ymass=    13.5000(m)     Gmass & G= 1642.6791 & 1448.2791(t)
  Eex  =     0.0000        Eey  =     0.0000
  Ratx =     1.0000        Raty =     1.0000
  薄弱层地震剪力放大系数= 1.00
  Ratx1=     1.4262        Raty1=     1.5065
  Ratx2=     1.1937        Raty2=     1.2321
  RJX1 = 4.5495E+07(kN/m)  RJY1 = 2.8218E+07(kN/m)  RJZ1 = 0.0000E+00(kN/m)
  RJX3 = 2.7418E+06(kN/m)  RJY3 = 2.0964E+06(kN/m)  RJZ3 = 2.3697E+09(kN*m/Rad)
     ----------------------------------------------------------
  Floor No. 7     Tower No. 1
  Xstif=    18.0000(m)     Ystif=    13.5000(m)     Alf  =    45.0000(Degree)
  Xmass=    18.0000(m)     Ymass=    13.5000(m)     Gmass & G= 1642.6791 & 1448.2791(t)
  Eex  =     0.0000        Eey  =     0.0000
  Ratx =     1.0000        Raty =     1.0000
  薄弱层地震剪力放大系数= 1.00
  Ratx1=     1.4090        Raty1=     1.4710
  Ratx2=     1.1835        Raty2=     1.2145
  RJX1 = 4.5495E+07(kN/m)  RJY1 = 2.8218E+07(kN/m)  RJZ1 = 0.0000E+00(kN/m)
  RJX3 = 2.5521E+06(kN/m)  RJY3 = 1.8905E+06(kN/m)  RJZ3 = 2.3697E+09(kN*m/Rad)
     ----------------------------------------------------------
  Floor No. 8     Tower No. 1
  Xstif=    18.0000(m)     Ystif=    13.5000(m)     Alf  =    45.0000(Degree)
  Xmass=    18.0000(m)     Ymass=    13.5000(m)     Gmass & G= 1642.6791 & 1448.2791(t)
  Eex  =     0.0000        Eey  =     0.0000
  Ratx =     1.0000        Raty =     1.0000
  薄弱层地震剪力放大系数= 1.00
  Ratx1=     1.4128        Raty1=     1.4559
  Ratx2=     1.1776        Raty2=     1.2023
  RJX1 = 4.5495E+07(kN/m)  RJY1 = 2.8218E+07(kN/m)  RJZ1 = 0.0000E+00(kN/m)
  RJX3 = 2.3961E+06(kN/m)  RJY3 = 1.7295E+06(kN/m)  RJZ3 = 2.3697E+09(kN*m/Rad)
     ----------------------------------------------------------
  Floor No. 9     Tower No. 1
  Xstif=    18.0000(m)     Ystif=    13.5000(m)     Alf  =    45.0000(Degree)
  Xmass=    18.0000(m)     Ymass=    13.5000(m)     Gmass & G= 1642.6791 & 1448.2791(t)
  Eex  =     0.0000        Eey  =     0.0000
  Ratx =     1.0000        Raty =     1.0000
  薄弱层地震剪力放大系数= 1.00
  Ratx1=     1.4262        Raty1=     1.4490
  Ratx2=     1.1765        Raty2=     1.1907
  RJX1 = 4.5495E+07(kN/m)  RJY1 = 2.8218E+07(kN/m)  RJZ1 = 0.0000E+00(kN/m)
  RJX3 = 2.2608E+06(kN/m)  RJY3 = 1.5983E+06(kN/m)  RJZ3 = 2.3697E+09(kN*m/Rad)
     ----------------------------------------------------------
  Floor No. 10     Tower No. 1
  Xstif=    18.0000(m)     Ystif=    13.5000(m)     Alf  =    45.0000(Degree)
  Xmass=    18.0000(m)     Ymass=    13.5000(m)     Gmass & G= 1642.6791 & 1448.2791(t)
  Eex  =     0.0000        Eey  =     0.0000
  Ratx =     1.0000        Raty =     1.0000
  薄弱层地震剪力放大系数= 1.00
  Ratx1=     1.4388        Raty1=     1.4513
  Ratx2=     1.2081        Raty2=     1.2142
  RJX1 = 4.5495E+07(kN/m)  RJY1 = 2.8218E+07(kN/m)  RJZ1 = 0.0000E+00(kN/m)
  RJX3 = 2.1351E+06(kN/m)  RJY3 = 1.4915E+06(kN/m)  RJZ3 = 2.3697E+09(kN*m/Rad)
     ----------------------------------------------------------
  Floor No. 11     Tower No. 1
  Xstif=    18.0000(m)     Ystif=    13.5000(m)     Alf  =    45.0000(Degree)
  Xmass=    18.0000(m)     Ymass=    13.5000(m)     Gmass & G= 1558.4702 & 1364.0703(t)
  Eex  =     0.0000        Eey  =     0.0000
  Ratx =     0.7850        Raty =     0.7757
  薄弱层地震剪力放大系数= 1.00
  Ratx1=     1.3941        Raty1=     1.4078
  Ratx2=     1.1823        Raty2=     1.1847
  RJX1 = 3.5711E+07(kN/m)  RJY1 = 2.1890E+07(kN/m)  RJZ1 = 0.0000E+00(kN/m)
  RJX3 = 1.9637E+06(kN/m)  RJY3 = 1.3649E+06(kN/m)  RJZ3 = 1.8425E+09(kN*m/Rad)
     ----------------------------------------------------------
  Floor No. 12     Tower No. 1
  Xstif=    18.0000(m)     Ystif=    13.5000(m)     Alf  =    45.0000(Degree)
  Xmass=    18.0000(m)     Ymass=    13.5000(m)     Gmass & G= 1558.4702 & 1364.0703(t)
  Eex  =     0.0000        Eey  =     0.0000
  Ratx =     1.0000        Raty =     1.0000
  薄弱层地震剪力放大系数= 1.00
  Ratx1=     1.3703        Raty1=     1.3924
  Ratx2=     1.1679        Raty2=     1.1765
  RJX1 = 3.5711E+07(kN/m)  RJY1 = 2.1890E+07(kN/m)  RJZ1 = 0.0000E+00(kN/m)
  RJX3 = 1.8455E+06(kN/m)  RJY3 = 1.2801E+06(kN/m)  RJZ3 = 1.8425E+09(kN*m/Rad)
     ----------------------------------------------------------
  Floor No. 13     Tower No. 1
  Xstif=    18.0000(m)     Ystif=    13.5000(m)     Alf  =    45.0000(Degree)
  Xmass=    18.0000(m)     Ymass=    13.5000(m)     Gmass & G= 1558.4702 & 1364.0703(t)
  Eex  =     0.0000        Eey  =     0.0000
  Ratx =     1.0000        Raty =     1.0000
  薄弱层地震剪力放大系数= 1.00
  Ratx1=     1.3586        Raty1=     1.3813
  Ratx2=     1.1604        Raty2=     1.1714
  RJX1 = 3.5711E+07(kN/m)  RJY1 = 2.1890E+07(kN/m)  RJZ1 = 0.0000E+00(kN/m)
  RJX3 = 1.7557E+06(kN/m)  RJY3 = 1.2090E+06(kN/m)  RJZ3 = 1.8425E+09(kN*m/Rad)
     ----------------------------------------------------------
  Floor No. 14     Tower No. 1
  Xstif=    18.0000(m)     Ystif=    13.5000(m)     Alf  =    45.0000(Degree)
  Xmass=    18.0000(m)     Ymass=    13.5000(m)     Gmass & G= 1558.4702 & 1364.0703(t)
  Eex  =     0.0000        Eey  =     0.0000
  Ratx =     1.0000        Raty =     1.0000
  薄弱层地震剪力放大系数= 1.00
  Ratx1=     1.3535        Raty1=     1.3723
  Ratx2=     1.1574        Raty2=     1.1668
  RJX1 = 3.5711E+07(kN/m)  RJY1 = 2.1890E+07(kN/m)  RJZ1 = 0.0000E+00(kN/m)
  RJX3 = 1.6810E+06(kN/m)  RJY3 = 1.1467E+06(kN/m)  RJZ3 = 1.8425E+09(kN*m/Rad)
     ----------------------------------------------------------
  Floor No. 15     Tower No. 1
  Xstif=    18.0000(m)     Ystif=    13.5000(m)     Alf  =    45.0000(Degree)
  Xmass=    18.0000(m)     Ymass=    13.5000(m)     Gmass & G= 1558.4702 & 1364.0703(t)
  Eex  =     0.0000        Eey  =     0.0000
  Ratx =     1.0000        Raty =     1.0000
  薄弱层地震剪力放大系数= 1.00
  Ratx1=     1.3508        Raty1=     1.3671
  Ratx2=     1.1560        Raty2=     1.1628
  RJX1 = 3.5711E+07(kN/m)  RJY1 = 2.1890E+07(kN/m)  RJZ1 = 0.0000E+00(kN/m)
  RJX3 = 1.6138E+06(kN/m)  RJY3 = 1.0920E+06(kN/m)  RJZ3 = 1.8425E+09(kN*m/Rad)
     ----------------------------------------------------------
  Floor No. 16     Tower No. 1
  Xstif=    18.0000(m)     Ystif=    13.5000(m)     Alf  =    45.0000(Degree)
  Xmass=    18.0000(m)     Ymass=    13.5000(m)     Gmass & G= 1558.4702 & 1364.0703(t)
  Eex  =     0.0000        Eey  =     0.0000
  Ratx =     1.0000        Raty =     1.0000
  薄弱层地震剪力放大系数= 1.00
  Ratx1=     1.3507        Raty1=     1.3678
  Ratx2=     1.1547        Raty2=     1.1614
  RJX1 = 3.5711E+07(kN/m)  RJY1 = 2.1890E+07(kN/m)  RJZ1 = 0.0000E+00(kN/m)
  RJX3 = 1.5511E+06(kN/m)  RJY3 = 1.0434E+06(kN/m)  RJZ3 = 1.8425E+09(kN*m/Rad)
     ----------------------------------------------------------
  Floor No. 17     Tower No. 1
  Xstif=    18.0000(m)     Ystif=    13.5000(m)     Alf  =    45.0000(Degree)
  Xmass=    18.0000(m)     Ymass=    13.5000(m)     Gmass & G= 1558.4702 & 1364.0703(t)
  Eex  =     0.0000        Eey  =     0.0000
  Ratx =     1.0000        Raty =     1.0000
  薄弱层地震剪力放大系数= 1.00
  Ratx1=     1.3558        Raty1=     1.3723
  Ratx2=     1.1548        Raty2=     1.1630
  RJX1 = 3.5711E+07(kN/m)  RJY1 = 2.1890E+07(kN/m)  RJZ1 = 0.0000E+00(kN/m)
  RJX3 = 1.4926E+06(kN/m)  RJY3 = 9.9817E+05(kN/m)  RJZ3 = 1.8425E+09(kN*m/Rad)
     ----------------------------------------------------------
  Floor No. 18     Tower No. 1
  Xstif=    18.0000(m)     Ystif=    13.5000(m)     Alf  =    45.0000(Degree)
  Xmass=    18.0000(m)     Ymass=    13.5000(m)     Gmass & G= 1558.4702 & 1364.0703(t)
  Eex  =     0.0000        Eey  =     0.0000
  Ratx =     1.0000        Raty =     1.0000
  薄弱层地震剪力放大系数= 1.00
  Ratx1=     1.3761        Raty1=     1.3863
  Ratx2=     1.1583        Raty2=     1.1661
  RJX1 = 3.5711E+07(kN/m)  RJY1 = 2.1890E+07(kN/m)  RJZ1 = 0.0000E+00(kN/m)
  RJX3 = 1.4362E+06(kN/m)  RJY3 = 9.5366E+05(kN/m)  RJZ3 = 1.8425E+09(kN*m/Rad)
     ----------------------------------------------------------
  Floor No. 19     Tower No. 1
  Xstif=    18.0000(m)     Ystif=    13.5000(m)     Alf  =    45.0000(Degree)
  Xmass=    18.0000(m)     Ymass=    13.5000(m)     Gmass & G= 1558.4702 & 1364.0703(t)
  Eex  =     0.0000        Eey  =     0.0000
  Ratx =     1.0000        Raty =     1.0000
  薄弱层地震剪力放大系数= 1.00
  Ratx1=     1.3972        Raty1=     1.3974
  Ratx2=     1.1643        Raty2=     1.1669
  RJX1 = 3.5711E+07(kN/m)  RJY1 = 2.1890E+07(kN/m)  RJZ1 = 0.0000E+00(kN/m)
  RJX3 = 1.3776E+06(kN/m)  RJY3 = 9.0872E+05(kN/m)  RJZ3 = 1.8425E+09(kN*m/Rad)
     ----------------------------------------------------------
  Floor No. 20     Tower No. 1
  Xstif=    18.0000(m)     Ystif=    13.5000(m)     Alf  =    45.0000(Degree)
  Xmass=    18.0000(m)     Ymass=    13.5000(m)     Gmass & G= 1558.4702 & 1364.0703(t)
  Eex  =     0.0000        Eey  =     0.0000
  Ratx =     1.0000        Raty =     1.0000
  薄弱层地震剪力放大系数= 1.00
  Ratx1=     1.4113        Raty1=     1.4085
  Ratx2=     1.1959        Raty2=     1.1933
  RJX1 = 3.5711E+07(kN/m)  RJY1 = 2.1890E+07(kN/m)  RJZ1 = 0.0000E+00(kN/m)
  RJX3 = 1.3147E+06(kN/m)  RJY3 = 8.6531E+05(kN/m)  RJZ3 = 1.8425E+09(kN*m/Rad)
     ----------------------------------------------------------
  Floor No. 21     Tower No. 1
  Xstif=    18.0000(m)     Ystif=    13.5000(m)     Alf  =    45.0000(Degree)
  Xmass=    18.0000(m)     Ymass=    13.5000(m)     Gmass & G= 1477.9015 & 1283.5015(t)
  Eex  =     0.0000        Eey  =     0.0000
  Ratx =     0.7430        Raty =     0.7355
  薄弱层地震剪力放大系数= 1.00
  Ratx1=     1.3739        Raty1=     1.3792
  Ratx2=     1.1690        Raty2=     1.1662
  RJX1 = 2.6532E+07(kN/m)  RJY1 = 1.6100E+07(kN/m)  RJZ1 = 0.0000E+00(kN/m)
  RJX3 = 1.2215E+06(kN/m)  RJY3 = 8.0569E+05(kN/m)  RJZ3 = 1.3572E+09(kN*m/Rad)
     ----------------------------------------------------------
  Floor No. 22     Tower No. 1
  Xstif=    18.0000(m)     Ystif=    13.5000(m)     Alf  =    45.0000(Degree)
  Xmass=    18.0000(m)     Ymass=    13.5000(m)     Gmass & G= 1477.9015 & 1283.5015(t)
  Eex  =     0.0000        Eey  =     0.0000
  Ratx =     1.0000        Raty =     1.0000
  薄弱层地震剪力放大系数= 1.00
  Ratx1=     1.3679        Raty1=     1.3863
  Ratx2=     1.1614        Raty2=     1.1676
  RJX1 = 2.6532E+07(kN/m)  RJY1 = 1.6100E+07(kN/m)  RJZ1 = 0.0000E+00(kN/m)
  RJX3 = 1.1611E+06(kN/m)  RJY3 = 7.6765E+05(kN/m)  RJZ3 = 1.3572E+09(kN*m/Rad)
     ----------------------------------------------------------
  Floor No. 23     Tower No. 1
  Xstif=    18.0000(m)     Ystif=    13.5000(m)     Alf  =    45.0000(Degree)
  Xmass=    18.0000(m)     Ymass=    13.5000(m)     Gmass & G= 1477.9015 & 1283.5015(t)
  Eex  =     0.0000        Eey  =     0.0000
  Ratx =     1.0000        Raty =     1.0000
  薄弱层地震剪力放大系数= 1.00
  Ratx1=     1.3780        Raty1=     1.3983
  Ratx2=     1.1618        Raty2=     1.1722
  RJX1 = 2.6532E+07(kN/m)  RJY1 = 1.6100E+07(kN/m)  RJZ1 = 0.0000E+00(kN/m)
  RJX3 = 1.1108E+06(kN/m)  RJY3 = 7.3049E+05(kN/m)  RJZ3 = 1.3572E+09(kN*m/Rad)
     ----------------------------------------------------------
  Floor No. 24     Tower No. 1
  Xstif=    18.0000(m)     Ystif=    13.5000(m)     Alf  =    45.0000(Degree)
  Xmass=    18.0000(m)     Ymass=    13.5000(m)     Gmass & G= 1477.9015 & 1283.5015(t)
  Eex  =     0.0000        Eey  =     0.0000
  Ratx =     1.0000        Raty =     1.0000
  薄弱层地震剪力放大系数= 1.00
  Ratx1=     1.4037        Raty1=     1.4186
  Ratx2=     1.1686        Raty2=     1.1772
  RJX1 = 2.6532E+07(kN/m)  RJY1 = 1.6100E+07(kN/m)  RJZ1 = 0.0000E+00(kN/m)
  RJX3 = 1.0623E+06(kN/m)  RJY3 = 6.9244E+05(kN/m)  RJZ3 = 1.3572E+09(kN*m/Rad)
     ----------------------------------------------------------
  Floor No. 25     Tower No. 1
  Xstif=    18.0000(m)     Ystif=    13.5000(m)     Alf  =    45.0000(Degree)
  Xmass=    18.0000(m)     Ymass=    13.5000(m)     Gmass & G= 1477.9015 & 1283.5015(t)
  Eex  =     0.0000        Eey  =     0.0000
  Ratx =     1.0000        Raty =     1.0000
  薄弱层地震剪力放大系数= 1.00
  Ratx1=     1.4566        Raty1=     1.4683
  Ratx2=     1.1805        Raty2=     1.1847
  RJX1 = 2.6532E+07(kN/m)  RJY1 = 1.6100E+07(kN/m)  RJZ1 = 0.0000E+00(kN/m)
  RJX3 = 1.0100E+06(kN/m)  RJY3 = 6.5357E+05(kN/m)  RJZ3 = 1.3572E+09(kN*m/Rad)
     ----------------------------------------------------------
  Floor No. 26     Tower No. 1
  Xstif=    18.0000(m)     Ystif=    13.5000(m)     Alf  =    45.0000(Degree)
  Xmass=    18.0000(m)     Ymass=    13.5000(m)     Gmass & G= 1477.9015 & 1283.5015(t)
  Eex  =     0.0000        Eey  =     0.0000
  Ratx =     1.0000        Raty =     1.0000
  薄弱层地震剪力放大系数= 1.00
  Ratx1=     1.5481        Raty1=     1.5531
  Ratx2=     1.2041        Raty2=     1.2079
  RJX1 = 2.6532E+07(kN/m)  RJY1 = 1.6100E+07(kN/m)  RJZ1 = 0.0000E+00(kN/m)
  RJX3 = 9.5061E+05(kN/m)  RJY3 = 6.1296E+05(kN/m)  RJZ3 = 1.3572E+09(kN*m/Rad)
     ----------------------------------------------------------
  Floor No. 27     Tower No. 1
  Xstif=    18.0000(m)     Ystif=    13.5000(m)     Alf  =    45.0000(Degree)
  Xmass=    18.0000(m)     Ymass=    13.5000(m)     Gmass & G= 1477.9015 & 1283.5015(t)
  Eex  =     0.0000        Eey  =     0.0000
  Ratx =     1.0000        Raty =     1.0000
  薄弱层地震剪力放大系数= 1.00
  Ratx1=     1.6223        Raty1=     1.6356
  Ratx2=     1.2618        Raty2=     1.2722
  RJX1 = 2.6532E+07(kN/m)  RJY1 = 1.6100E+07(kN/m)  RJZ1 = 0.0000E+00(kN/m)
  RJX3 = 8.7720E+05(kN/m)  RJY3 = 5.6383E+05(kN/m)  RJZ3 = 1.3572E+09(kN*m/Rad)
     ----------------------------------------------------------
  Floor No. 28     Tower No. 1
  Xstif=    18.0000(m)     Ystif=    13.5000(m)     Alf  =    45.0000(Degree)
  Xmass=    18.0000(m)     Ymass=    13.5000(m)     Gmass & G= 1477.9015 & 1283.5015(t)
  Eex  =     0.0000        Eey  =     0.0000
  Ratx =     1.0000        Raty =     1.0000
  薄弱层地震剪力放大系数= 1.00
  Ratx1=     1.8164        Raty1=     1.8432
  Ratx2=     1.4128        Raty2=     1.4336
  RJX1 = 2.6532E+07(kN/m)  RJY1 = 1.6100E+07(kN/m)  RJZ1 = 0.0000E+00(kN/m)
  RJX3 = 7.7247E+05(kN/m)  RJY3 = 4.9246E+05(kN/m)  RJZ3 = 1.3572E+09(kN*m/Rad)
     ----------------------------------------------------------
  Floor No. 29     Tower No. 1
  Xstif=    18.0000(m)     Ystif=    13.5000(m)     Alf  =    45.0000(Degree)
  Xmass=    18.0000(m)     Ymass=    13.5000(m)     Gmass & G= 1477.9015 & 1283.5015(t)
  Eex  =     0.0000        Eey  =     0.0000
  Ratx =     1.0000        Raty =     1.0000
  薄弱层地震剪力放大系数= 1.00
  Ratx1=     2.4441        Raty1=     2.4797
  Ratx2=     1.9010        Raty2=     1.9287
  RJX1 = 2.6532E+07(kN/m)  RJY1 = 1.6100E+07(kN/m)  RJZ1 = 0.0000E+00(kN/m)
  RJX3 = 6.0752E+05(kN/m)  RJY3 = 3.8167E+05(kN/m)  RJZ3 = 1.3572E+09(kN*m/Rad)
     ----------------------------------------------------------
  Floor No. 30     Tower No. 1
  Xstif=    18.0000(m)     Ystif=    13.5000(m)     Alf  =    45.0000(Degree)
  Xmass=    18.0000(m)     Ymass=    13.5000(m)     Gmass & G= 1477.9015 & 1283.5015(t)
  Eex  =     0.0000        Eey  =     0.0000
  Ratx =     1.0000        Raty =     1.0000
  薄弱层地震剪力放大系数= 1.00
  Ratx1=     1.0000        Raty1=     1.0000
  Ratx2=     1.0000        Raty2=     1.0000
  RJX1 = 2.6532E+07(kN/m)  RJY1 = 1.6100E+07(kN/m)  RJZ1 = 0.0000E+00(kN/m)
  RJX3 = 3.5510E+05(kN/m)  RJY3 = 2.1988E+05(kN/m)  RJZ3 = 1.3572E+09(kN*m/Rad)
     ----------------------------------------------------------
  X方向最小刚度比:  1.0000(30层1塔)
  Y方向最小刚度比:  1.0000(30层1塔)

     **********************************************************
                       结构整体抗倾覆验算
     **********************************************************

               抗倾覆力矩Mr     倾覆力矩Mov    比值Mr/Mov    零应力区(%)

  层号：1   塔号：1

  X向风         7.792E+06        8.290E+05          9.40         0.00
  Y向风         5.844E+06        1.110E+06          5.26         0.00
  X地震         7.373E+06        6.553E+05         11.25         0.00
  Y地震         5.529E+06        6.262E+05          8.83         0.00

     **********************************************************
                       结构整体稳定验算
     **********************************************************

  地震:

    层号：1   塔号：1

    X向刚重比 EJd/GH**2=     4.352
    Y向刚重比 EJd/GH**2=     2.979
    该结构刚重比EJd/GH**2大于1.4，能够通过《高规》5.4.4条的整体稳定验算
    该结构刚重比EJd/GH**2大于2.7，满足《高规》5.4.1，可以不考虑重力二阶效应

  风荷载:

    层号：1   塔号：1

    X向刚重比 EJd/GH**2=     4.708
    Y向刚重比 EJd/GH**2=     2.937
    该结构刚重比EJd/GH**2大于1.4，能够通过《高规》5.4.4条的整体稳定验算
    该结构刚重比EJd/GH**2大于2.7，满足《高规》5.4.1，可以不考虑重力二阶效应

     **********************************************************
                       结构抗震验算
     **********************************************************

   本工程如下楼层进行了最小剪重比调整：
   层号   塔号     X向调整系数      Y向调整系数
   30      1          1.092           1.089
   29      1          1.094           1.091
   28      1          1.097           1.093
   27      1          1.099           1.096
   26      1          1.102           1.099
   25      1          1.104           1.102
   24      1          1.107           1.105
   23      1          1.109           1.107
   22      1          1.111           1.109
   21      1          1.113           1.111
   20      1          1.115           1.113
   19      1          1.117           1.115
   18      1          1.119           1.117
   17      1          1.121           1.118
   16      1          1.122           1.120
   15      1          1.124           1.122
   14      1          1.125           1.123
   13      1          1.127           1.125
   12      1          1.128           1.126
   11      1          1.130           1.128
   10      1          1.131           1.129
    9      1          1.133           1.131
    8      1          1.134           1.132
    7      1          1.136           1.133
    6      1          1.137           1.135
    5      1          1.138           1.136
    4      1          1.139           1.137
    3      1          1.140           1.138
    2      1          1.142           1.139
    1      1          1.144           1.140

   本工程如下楼层进行了0.2V0调整：
   层号   塔号     X向调整系数      Y向调整系数
   30      1          2.000           1.608
   29      1          2.000           1.990
   28      1          2.000           1.768
   27      1          2.000           1.663
   26      1          2.000           1.565
   25      1          1.939           1.484
   24      1          1.832           1.414
   23      1          1.753           1.356
   22      1          1.675           1.294
   21      1          1.760           1.333
   20      1          1.392           1.051
   19      1          1.473           1.099
   18      1          1.426           1.065
   17      1          1.403           1.048
   16      1          1.380           1.033
   15      1          1.362           1.023
   14      1          1.350           1.017
   13      1          1.348           1.018
   12      1          1.341           1.018
   11      1          1.439           1.079
   10      1          1.260           1.000
    9      1          1.366           1.033
    8      1          1.372           1.057
    7      1          1.404           1.105
    6      1          1.443           1.169
    5      1          1.502           1.261
    4      1          1.600           1.397
    3      1          1.761           1.596
    2      1          2.000           2.000
    1      1          2.000           1.740

     **********************************************************
                       风振舒适度验算
     **********************************************************

   塔号：1

   按《荷载规范》附录J计算：
      X向顺风向顶点最大加速度(m/s2) = 0.090   
      X向横风向顶点最大加速度(m/s2) = 0.137   
      Y向顺风向顶点最大加速度(m/s2) = 0.126   
      Y向横风向顶点最大加速度(m/s2) = 0.098   


     **********************************************************
                              内外力平衡验算
     **********************************************************

   说明：
   恒、活荷载指本层及以上楼层恒、活荷载总值
   风荷载指本层及以上楼层风荷载总值
   注意：
   软件按构件所属楼层号统计该层内力，而外力是其上全部楼层的叠加结果
   对于地下室部分及存在越层构件、多层构件接地以及执行《百年住宅建筑设计规程》等情况，可能会导致内外力统计结果不平衡，不会影响其它设计结果

   ----------------------------------------------------------
   1、恒、活荷载作用下轴力平衡验算(kN)：

   层号   塔号      恒载   恒载下轴力        活载   活载下轴力
   30      1     10891.0      10891.0      3888.0       3888.0
   29      1     21782.0      21782.0      7776.0       7776.0
   28      1     32673.0      32673.0     11664.0      11664.0
   27      1     43564.1      43564.1     15552.0      15552.0
   26      1     54455.1      54455.1     19440.0      19440.0
   25      1     65346.1      65346.1     23328.0      23328.0
   24      1     76237.1      76237.1     27216.0      27216.0
   23      1     87128.1      87128.1     31104.0      31104.0
   22      1     98019.1      98019.1     34992.0      34992.0
   21      1    108910.2     108910.2     38880.0      38880.0
   20      1    120606.9     120606.9     42768.0      42768.0
   19      1    132303.6     132303.5     46656.0      46656.0
   18      1    144000.3     144000.3     50544.0      50544.0
   17      1    155697.0     155697.0     54432.0      54432.0
   16      1    167393.7     167393.7     58320.0      58320.0
   15      1    179090.3     179090.4     62208.0      62208.0
   14      1    190787.0     190787.1     66096.0      66096.0
   13      1    202483.8     202483.8     69984.0      69984.0
   12      1    214180.5     214180.5     73872.0      73872.0
   11      1    225877.2     225877.2     77760.0      77760.0
   10      1    238415.9     238416.0     81648.0      81648.0
    9      1    250954.7     250954.8     85536.0      85536.0
    8      1    263493.5     263493.6     89424.0      89424.0
    7      1    276032.3     276032.4     93312.0      93312.0
    6      1    288571.1     288571.2     97200.0      97200.0
    5      1    301109.9     301110.0    101088.0     101088.0
    4      1    313648.7     313648.8    104976.0     104976.0
    3      1    326187.5     326187.5    108864.0     108864.0
    2      1    338726.3     338726.3    112752.0     112752.0
    1      1    351265.0     351265.2    116640.0     116640.0

   ----------------------------------------------------------
   2、风荷载作用下剪力平衡验算(kN)：

   层号   塔号    X向风荷载    X向楼层剪力    Y向风荷载    Y向楼层剪力
   30      1          428.1          428.1        573.8          573.8
   29      1          846.2          846.2       1134.0         1134.0
   28      1         1254.2         1254.2       1680.9         1680.9
   27      1         1652.4         1652.4       2214.4         2214.4
   26      1         2040.7         2040.7       2734.7         2734.7
   25      1         2419.2         2419.2       3241.8         3241.8
   24      1         2787.9         2787.9       3735.7         3735.7
   23      1         3146.8         3146.8       4216.5         4216.5
   22      1         3495.9         3495.9       4684.1         4684.1
   21      1         3835.1         3835.1       5138.6         5138.6
   20      1         4164.5         4164.5       5579.7         5579.7
   19      1         4484.0         4484.0       6007.6         6007.6
   18      1         4793.4         4793.4       6421.9         6421.9
   17      1         5092.7         5092.7       6822.7         6822.7
   16      1         5381.7         5381.7       7209.7         7209.7
   15      1         5660.3         5660.3       7582.8         7582.8
   14      1         5928.3         5928.3       7941.6         7941.6
   13      1         6185.5         6185.5       8285.9         8285.9
   12      1         6431.6         6431.6       8615.3         8615.3
   11      1         6666.3         6666.3       8929.5         8929.5
   10      1         6889.3         6889.3       9227.9         9227.9
    9      1         7100.0         7100.0       9509.9         9509.9
    8      1         7298.0         7298.0       9774.8         9774.8
    7      1         7482.6         7482.6      10021.8        10021.8
    6      1         7653.0         7653.0      10249.8        10249.8
    5      1         7808.1         7808.1      10457.3        10457.3
    4      1         7946.5         7946.5      10642.4        10642.4
    3      1         8066.2         8066.2      10802.4        10802.4
    2      1         8179.0         8179.0      10953.2        10953.2
    1      1         8289.5         8289.5      11100.6        11100.6

     **********************************************************
                       楼层抗剪承载力验算
     **********************************************************

  Ratio_X,Ratio_Y: 表示本层与上一层的承载力之比

  层号   塔号    X向承载力    Y向承载力   Ratio_X    Ratio_Y
   30     1     1.8618E+04  1.2883E+04    1.00       1.00
   29     1     1.9790E+04  1.4089E+04    1.06       1.09
   28     1     2.1077E+04  1.5239E+04    1.07       1.08
   27     1     2.2310E+04  1.6335E+04    1.06       1.07
   26     1     2.3490E+04  1.7378E+04    1.05       1.06
   25     1     2.4619E+04  1.8372E+04    1.05       1.06
   24     1     2.5700E+04  1.9316E+04    1.04       1.05
   23     1     2.6734E+04  2.0213E+04    1.04       1.05
   22     1     2.7722E+04  2.1064E+04    1.04       1.04
   21     1     2.8666E+04  2.1868E+04    1.03       1.04
   20     1     3.8663E+04  2.9584E+04    1.35       1.35
   19     1     3.9842E+04  3.0619E+04    1.03       1.03
   18     1     4.0985E+04  3.1618E+04    1.03       1.03
   17     1     4.2094E+04  3.2582E+04    1.03       1.03
   16     1     4.3167E+04  3.3509E+04    1.03       1.03
   15     1     4.4206E+04  3.4403E+04    1.02       1.03
   14     1     4.5008E+04  3.5187E+04    1.02       1.02
   13     1     4.5630E+04  3.5809E+04    1.01       1.02
   12     1     4.6218E+04  3.6397E+04    1.01       1.02
   11     1     4.6773E+04  3.6952E+04    1.01       1.02
   10     1     6.1697E+04  4.8610E+04    1.32       1.32
    9     1     6.2920E+04  4.9680E+04    1.02       1.02
    8     1     6.4046E+04  5.0720E+04    1.02       1.02
    7     1     6.4901E+04  5.1565E+04    1.01       1.02
    6     1     6.5675E+04  5.2339E+04    1.01       1.02
    5     1     6.6421E+04  5.3085E+04    1.01       1.01
    4     1     6.7140E+04  5.3804E+04    1.01       1.01
    3     1     6.9545E+04  5.5483E+04    1.04       1.03
    2     1     7.0207E+04  5.6144E+04    1.01       1.01
    1     1     7.0094E+04  5.6776E+04    1.00       1.01

